[2024-03-10T17:07:06.280+0000] {logging_mixin.py:149} INFO - Changing /opt/***/logs/dag_id=train_penguin_sex_model/run_id=manual__2024-03-10T17:07:02.566975+00:00/task_id=wait_for_data_load permission to 509
[2024-03-10T17:07:06.281+0000] {logging_mixin.py:149} INFO - Failed to change /opt/***/logs/dag_id=train_penguin_sex_model/run_id=manual__2024-03-10T17:07:02.566975+00:00/task_id=wait_for_data_load permission to 509: [Errno 1] Operation not permitted: '/opt/***/logs/dag_id=train_penguin_sex_model/run_id=manual__2024-03-10T17:07:02.566975+00:00/task_id=wait_for_data_load'
[2024-03-10T17:07:06.327+0000] {logging_mixin.py:149} INFO - Changing /opt/***/logs/dag_id=train_penguin_sex_model/run_id=manual__2024-03-10T17:07:02.566975+00:00/task_id=wait_for_data_load permission to 509
[2024-03-10T17:07:06.328+0000] {logging_mixin.py:149} INFO - Failed to change /opt/***/logs/dag_id=train_penguin_sex_model/run_id=manual__2024-03-10T17:07:02.566975+00:00/task_id=wait_for_data_load permission to 509: [Errno 1] Operation not permitted: '/opt/***/logs/dag_id=train_penguin_sex_model/run_id=manual__2024-03-10T17:07:02.566975+00:00/task_id=wait_for_data_load'
[2024-03-10T17:07:06.364+0000] {taskinstance.py:1125} INFO - Dependencies all met for dep_context=non-requeueable deps ti=<TaskInstance: train_penguin_sex_model.wait_for_data_load manual__2024-03-10T17:07:02.566975+00:00 [queued]>
[2024-03-10T17:07:06.377+0000] {taskinstance.py:1125} INFO - Dependencies all met for dep_context=requeueable deps ti=<TaskInstance: train_penguin_sex_model.wait_for_data_load manual__2024-03-10T17:07:02.566975+00:00 [queued]>
[2024-03-10T17:07:06.378+0000] {taskinstance.py:1331} INFO - Starting attempt 1 of 2
[2024-03-10T17:07:06.398+0000] {taskinstance.py:1350} INFO - Executing <Task(ExternalTaskSensor): wait_for_data_load> on 2024-03-10 17:07:02.566975+00:00
[2024-03-10T17:07:06.409+0000] {standard_task_runner.py:57} INFO - Started process 389 to run task
[2024-03-10T17:07:06.413+0000] {standard_task_runner.py:84} INFO - Running: ['***', 'tasks', 'run', 'train_penguin_sex_model', 'wait_for_data_load', 'manual__2024-03-10T17:07:02.566975+00:00', '--job-id', '45', '--raw', '--subdir', 'DAGS_FOLDER/train_model.py', '--cfg-path', '/tmp/tmp3m5yb3rq']
[2024-03-10T17:07:06.416+0000] {standard_task_runner.py:85} INFO - Job 45: Subtask wait_for_data_load
[2024-03-10T17:07:06.527+0000] {logging_mixin.py:149} INFO - Changing /opt/***/logs/dag_id=train_penguin_sex_model/run_id=manual__2024-03-10T17:07:02.566975+00:00/task_id=wait_for_data_load permission to 509
[2024-03-10T17:07:06.528+0000] {logging_mixin.py:149} INFO - Failed to change /opt/***/logs/dag_id=train_penguin_sex_model/run_id=manual__2024-03-10T17:07:02.566975+00:00/task_id=wait_for_data_load permission to 509: [Errno 1] Operation not permitted: '/opt/***/logs/dag_id=train_penguin_sex_model/run_id=manual__2024-03-10T17:07:02.566975+00:00/task_id=wait_for_data_load'
[2024-03-10T17:07:06.530+0000] {task_command.py:410} INFO - Running <TaskInstance: train_penguin_sex_model.wait_for_data_load manual__2024-03-10T17:07:02.566975+00:00 [running]> on host f95f5ac280e4
[2024-03-10T17:07:06.639+0000] {taskinstance.py:1570} INFO - Exporting env vars: AIRFLOW_CTX_DAG_OWNER='***' AIRFLOW_CTX_DAG_ID='train_penguin_sex_model' AIRFLOW_CTX_TASK_ID='wait_for_data_load' AIRFLOW_CTX_EXECUTION_DATE='2024-03-10T17:07:02.566975+00:00' AIRFLOW_CTX_TRY_NUMBER='1' AIRFLOW_CTX_DAG_RUN_ID='manual__2024-03-10T17:07:02.566975+00:00'
[2024-03-10T17:07:06.660+0000] {external_task.py:235} INFO - Poking for tasks ['task_de_carga'] in dag load_penguins_data on 2024-03-10T17:07:02.566975+00:00 ... 
[2024-03-10T17:07:06.704+0000] {taskinstance.py:1807} INFO - Rescheduling task, marking task as UP_FOR_RESCHEDULE
[2024-03-10T17:07:06.745+0000] {local_task_job_runner.py:232} INFO - Task exited with return code 0
[2024-03-10T17:07:06.785+0000] {taskinstance.py:2674} INFO - 0 downstream tasks scheduled from follow-on schedule check
[2024-03-10T17:08:08.332+0000] {logging_mixin.py:149} INFO - Changing /opt/***/logs/dag_id=train_penguin_sex_model/run_id=manual__2024-03-10T17:07:02.566975+00:00/task_id=wait_for_data_load permission to 509
[2024-03-10T17:08:08.333+0000] {logging_mixin.py:149} INFO - Failed to change /opt/***/logs/dag_id=train_penguin_sex_model/run_id=manual__2024-03-10T17:07:02.566975+00:00/task_id=wait_for_data_load permission to 509: [Errno 1] Operation not permitted: '/opt/***/logs/dag_id=train_penguin_sex_model/run_id=manual__2024-03-10T17:07:02.566975+00:00/task_id=wait_for_data_load'
[2024-03-10T17:08:08.364+0000] {logging_mixin.py:149} INFO - Changing /opt/***/logs/dag_id=train_penguin_sex_model/run_id=manual__2024-03-10T17:07:02.566975+00:00/task_id=wait_for_data_load permission to 509
[2024-03-10T17:08:08.365+0000] {logging_mixin.py:149} INFO - Failed to change /opt/***/logs/dag_id=train_penguin_sex_model/run_id=manual__2024-03-10T17:07:02.566975+00:00/task_id=wait_for_data_load permission to 509: [Errno 1] Operation not permitted: '/opt/***/logs/dag_id=train_penguin_sex_model/run_id=manual__2024-03-10T17:07:02.566975+00:00/task_id=wait_for_data_load'
[2024-03-10T17:08:08.400+0000] {taskinstance.py:1125} INFO - Dependencies all met for dep_context=non-requeueable deps ti=<TaskInstance: train_penguin_sex_model.wait_for_data_load manual__2024-03-10T17:07:02.566975+00:00 [queued]>
[2024-03-10T17:08:08.414+0000] {taskinstance.py:1125} INFO - Dependencies all met for dep_context=requeueable deps ti=<TaskInstance: train_penguin_sex_model.wait_for_data_load manual__2024-03-10T17:07:02.566975+00:00 [queued]>
[2024-03-10T17:08:08.415+0000] {taskinstance.py:1331} INFO - Starting attempt 1 of 2
[2024-03-10T17:08:08.432+0000] {taskinstance.py:1350} INFO - Executing <Task(ExternalTaskSensor): wait_for_data_load> on 2024-03-10 17:07:02.566975+00:00
[2024-03-10T17:08:08.438+0000] {standard_task_runner.py:57} INFO - Started process 410 to run task
[2024-03-10T17:08:08.444+0000] {standard_task_runner.py:84} INFO - Running: ['***', 'tasks', 'run', 'train_penguin_sex_model', 'wait_for_data_load', 'manual__2024-03-10T17:07:02.566975+00:00', '--job-id', '46', '--raw', '--subdir', 'DAGS_FOLDER/train_model.py', '--cfg-path', '/tmp/tmpm19i15sd']
[2024-03-10T17:08:08.446+0000] {standard_task_runner.py:85} INFO - Job 46: Subtask wait_for_data_load
[2024-03-10T17:08:08.504+0000] {logging_mixin.py:149} INFO - Changing /opt/***/logs/dag_id=train_penguin_sex_model/run_id=manual__2024-03-10T17:07:02.566975+00:00/task_id=wait_for_data_load permission to 509
[2024-03-10T17:08:08.505+0000] {logging_mixin.py:149} INFO - Failed to change /opt/***/logs/dag_id=train_penguin_sex_model/run_id=manual__2024-03-10T17:07:02.566975+00:00/task_id=wait_for_data_load permission to 509: [Errno 1] Operation not permitted: '/opt/***/logs/dag_id=train_penguin_sex_model/run_id=manual__2024-03-10T17:07:02.566975+00:00/task_id=wait_for_data_load'
[2024-03-10T17:08:08.507+0000] {task_command.py:410} INFO - Running <TaskInstance: train_penguin_sex_model.wait_for_data_load manual__2024-03-10T17:07:02.566975+00:00 [running]> on host f95f5ac280e4
[2024-03-10T17:08:08.598+0000] {taskinstance.py:1570} INFO - Exporting env vars: AIRFLOW_CTX_DAG_OWNER='***' AIRFLOW_CTX_DAG_ID='train_penguin_sex_model' AIRFLOW_CTX_TASK_ID='wait_for_data_load' AIRFLOW_CTX_EXECUTION_DATE='2024-03-10T17:07:02.566975+00:00' AIRFLOW_CTX_TRY_NUMBER='1' AIRFLOW_CTX_DAG_RUN_ID='manual__2024-03-10T17:07:02.566975+00:00'
[2024-03-10T17:08:08.611+0000] {external_task.py:235} INFO - Poking for tasks ['task_de_carga'] in dag load_penguins_data on 2024-03-10T17:07:02.566975+00:00 ... 
[2024-03-10T17:08:08.648+0000] {taskinstance.py:1807} INFO - Rescheduling task, marking task as UP_FOR_RESCHEDULE
[2024-03-10T17:08:08.695+0000] {local_task_job_runner.py:232} INFO - Task exited with return code 0
[2024-03-10T17:08:08.728+0000] {taskinstance.py:2674} INFO - 0 downstream tasks scheduled from follow-on schedule check
[2024-03-10T17:09:09.936+0000] {logging_mixin.py:149} INFO - Changing /opt/***/logs/dag_id=train_penguin_sex_model/run_id=manual__2024-03-10T17:07:02.566975+00:00/task_id=wait_for_data_load permission to 509
[2024-03-10T17:09:09.937+0000] {logging_mixin.py:149} INFO - Failed to change /opt/***/logs/dag_id=train_penguin_sex_model/run_id=manual__2024-03-10T17:07:02.566975+00:00/task_id=wait_for_data_load permission to 509: [Errno 1] Operation not permitted: '/opt/***/logs/dag_id=train_penguin_sex_model/run_id=manual__2024-03-10T17:07:02.566975+00:00/task_id=wait_for_data_load'
[2024-03-10T17:09:09.964+0000] {logging_mixin.py:149} INFO - Changing /opt/***/logs/dag_id=train_penguin_sex_model/run_id=manual__2024-03-10T17:07:02.566975+00:00/task_id=wait_for_data_load permission to 509
[2024-03-10T17:09:09.965+0000] {logging_mixin.py:149} INFO - Failed to change /opt/***/logs/dag_id=train_penguin_sex_model/run_id=manual__2024-03-10T17:07:02.566975+00:00/task_id=wait_for_data_load permission to 509: [Errno 1] Operation not permitted: '/opt/***/logs/dag_id=train_penguin_sex_model/run_id=manual__2024-03-10T17:07:02.566975+00:00/task_id=wait_for_data_load'
[2024-03-10T17:09:10.014+0000] {taskinstance.py:1125} INFO - Dependencies all met for dep_context=non-requeueable deps ti=<TaskInstance: train_penguin_sex_model.wait_for_data_load manual__2024-03-10T17:07:02.566975+00:00 [queued]>
[2024-03-10T17:09:10.034+0000] {taskinstance.py:1125} INFO - Dependencies all met for dep_context=requeueable deps ti=<TaskInstance: train_penguin_sex_model.wait_for_data_load manual__2024-03-10T17:07:02.566975+00:00 [queued]>
[2024-03-10T17:09:10.035+0000] {taskinstance.py:1331} INFO - Starting attempt 1 of 2
[2024-03-10T17:09:10.053+0000] {taskinstance.py:1350} INFO - Executing <Task(ExternalTaskSensor): wait_for_data_load> on 2024-03-10 17:07:02.566975+00:00
[2024-03-10T17:09:10.067+0000] {standard_task_runner.py:57} INFO - Started process 431 to run task
[2024-03-10T17:09:10.080+0000] {standard_task_runner.py:84} INFO - Running: ['***', 'tasks', 'run', 'train_penguin_sex_model', 'wait_for_data_load', 'manual__2024-03-10T17:07:02.566975+00:00', '--job-id', '47', '--raw', '--subdir', 'DAGS_FOLDER/train_model.py', '--cfg-path', '/tmp/tmpfxwwe9xc']
[2024-03-10T17:09:10.085+0000] {standard_task_runner.py:85} INFO - Job 47: Subtask wait_for_data_load
[2024-03-10T17:09:10.162+0000] {logging_mixin.py:149} INFO - Changing /opt/***/logs/dag_id=train_penguin_sex_model/run_id=manual__2024-03-10T17:07:02.566975+00:00/task_id=wait_for_data_load permission to 509
[2024-03-10T17:09:10.163+0000] {logging_mixin.py:149} INFO - Failed to change /opt/***/logs/dag_id=train_penguin_sex_model/run_id=manual__2024-03-10T17:07:02.566975+00:00/task_id=wait_for_data_load permission to 509: [Errno 1] Operation not permitted: '/opt/***/logs/dag_id=train_penguin_sex_model/run_id=manual__2024-03-10T17:07:02.566975+00:00/task_id=wait_for_data_load'
[2024-03-10T17:09:10.164+0000] {task_command.py:410} INFO - Running <TaskInstance: train_penguin_sex_model.wait_for_data_load manual__2024-03-10T17:07:02.566975+00:00 [running]> on host f95f5ac280e4
[2024-03-10T17:09:10.290+0000] {taskinstance.py:1570} INFO - Exporting env vars: AIRFLOW_CTX_DAG_OWNER='***' AIRFLOW_CTX_DAG_ID='train_penguin_sex_model' AIRFLOW_CTX_TASK_ID='wait_for_data_load' AIRFLOW_CTX_EXECUTION_DATE='2024-03-10T17:07:02.566975+00:00' AIRFLOW_CTX_TRY_NUMBER='1' AIRFLOW_CTX_DAG_RUN_ID='manual__2024-03-10T17:07:02.566975+00:00'
[2024-03-10T17:09:10.307+0000] {external_task.py:235} INFO - Poking for tasks ['task_de_carga'] in dag load_penguins_data on 2024-03-10T17:07:02.566975+00:00 ... 
[2024-03-10T17:09:10.353+0000] {taskinstance.py:1807} INFO - Rescheduling task, marking task as UP_FOR_RESCHEDULE
[2024-03-10T17:09:10.403+0000] {local_task_job_runner.py:232} INFO - Task exited with return code 0
[2024-03-10T17:09:10.440+0000] {taskinstance.py:2674} INFO - 0 downstream tasks scheduled from follow-on schedule check
[2024-03-10T17:10:12.095+0000] {logging_mixin.py:149} INFO - Changing /opt/***/logs/dag_id=train_penguin_sex_model/run_id=manual__2024-03-10T17:07:02.566975+00:00/task_id=wait_for_data_load permission to 509
[2024-03-10T17:10:12.096+0000] {logging_mixin.py:149} INFO - Failed to change /opt/***/logs/dag_id=train_penguin_sex_model/run_id=manual__2024-03-10T17:07:02.566975+00:00/task_id=wait_for_data_load permission to 509: [Errno 1] Operation not permitted: '/opt/***/logs/dag_id=train_penguin_sex_model/run_id=manual__2024-03-10T17:07:02.566975+00:00/task_id=wait_for_data_load'
[2024-03-10T17:10:12.131+0000] {logging_mixin.py:149} INFO - Changing /opt/***/logs/dag_id=train_penguin_sex_model/run_id=manual__2024-03-10T17:07:02.566975+00:00/task_id=wait_for_data_load permission to 509
[2024-03-10T17:10:12.132+0000] {logging_mixin.py:149} INFO - Failed to change /opt/***/logs/dag_id=train_penguin_sex_model/run_id=manual__2024-03-10T17:07:02.566975+00:00/task_id=wait_for_data_load permission to 509: [Errno 1] Operation not permitted: '/opt/***/logs/dag_id=train_penguin_sex_model/run_id=manual__2024-03-10T17:07:02.566975+00:00/task_id=wait_for_data_load'
[2024-03-10T17:10:12.171+0000] {taskinstance.py:1125} INFO - Dependencies all met for dep_context=non-requeueable deps ti=<TaskInstance: train_penguin_sex_model.wait_for_data_load manual__2024-03-10T17:07:02.566975+00:00 [queued]>
[2024-03-10T17:10:12.182+0000] {taskinstance.py:1125} INFO - Dependencies all met for dep_context=requeueable deps ti=<TaskInstance: train_penguin_sex_model.wait_for_data_load manual__2024-03-10T17:07:02.566975+00:00 [queued]>
[2024-03-10T17:10:12.183+0000] {taskinstance.py:1331} INFO - Starting attempt 1 of 2
[2024-03-10T17:10:12.201+0000] {taskinstance.py:1350} INFO - Executing <Task(ExternalTaskSensor): wait_for_data_load> on 2024-03-10 17:07:02.566975+00:00
[2024-03-10T17:10:12.206+0000] {standard_task_runner.py:57} INFO - Started process 452 to run task
[2024-03-10T17:10:12.209+0000] {standard_task_runner.py:84} INFO - Running: ['***', 'tasks', 'run', 'train_penguin_sex_model', 'wait_for_data_load', 'manual__2024-03-10T17:07:02.566975+00:00', '--job-id', '48', '--raw', '--subdir', 'DAGS_FOLDER/train_model.py', '--cfg-path', '/tmp/tmpjg2k6hwx']
[2024-03-10T17:10:12.213+0000] {standard_task_runner.py:85} INFO - Job 48: Subtask wait_for_data_load
[2024-03-10T17:10:12.261+0000] {logging_mixin.py:149} INFO - Changing /opt/***/logs/dag_id=train_penguin_sex_model/run_id=manual__2024-03-10T17:07:02.566975+00:00/task_id=wait_for_data_load permission to 509
[2024-03-10T17:10:12.262+0000] {logging_mixin.py:149} INFO - Failed to change /opt/***/logs/dag_id=train_penguin_sex_model/run_id=manual__2024-03-10T17:07:02.566975+00:00/task_id=wait_for_data_load permission to 509: [Errno 1] Operation not permitted: '/opt/***/logs/dag_id=train_penguin_sex_model/run_id=manual__2024-03-10T17:07:02.566975+00:00/task_id=wait_for_data_load'
[2024-03-10T17:10:12.263+0000] {task_command.py:410} INFO - Running <TaskInstance: train_penguin_sex_model.wait_for_data_load manual__2024-03-10T17:07:02.566975+00:00 [running]> on host f95f5ac280e4
[2024-03-10T17:10:12.344+0000] {taskinstance.py:1570} INFO - Exporting env vars: AIRFLOW_CTX_DAG_OWNER='***' AIRFLOW_CTX_DAG_ID='train_penguin_sex_model' AIRFLOW_CTX_TASK_ID='wait_for_data_load' AIRFLOW_CTX_EXECUTION_DATE='2024-03-10T17:07:02.566975+00:00' AIRFLOW_CTX_TRY_NUMBER='1' AIRFLOW_CTX_DAG_RUN_ID='manual__2024-03-10T17:07:02.566975+00:00'
[2024-03-10T17:10:12.360+0000] {external_task.py:235} INFO - Poking for tasks ['task_de_carga'] in dag load_penguins_data on 2024-03-10T17:07:02.566975+00:00 ... 
[2024-03-10T17:10:12.405+0000] {taskinstance.py:1807} INFO - Rescheduling task, marking task as UP_FOR_RESCHEDULE
[2024-03-10T17:10:12.423+0000] {local_task_job_runner.py:232} INFO - Task exited with return code 0
[2024-03-10T17:10:12.452+0000] {taskinstance.py:2674} INFO - 0 downstream tasks scheduled from follow-on schedule check
[2024-03-10T17:11:13.665+0000] {logging_mixin.py:149} INFO - Changing /opt/***/logs/dag_id=train_penguin_sex_model/run_id=manual__2024-03-10T17:07:02.566975+00:00/task_id=wait_for_data_load permission to 509
[2024-03-10T17:11:13.666+0000] {logging_mixin.py:149} INFO - Failed to change /opt/***/logs/dag_id=train_penguin_sex_model/run_id=manual__2024-03-10T17:07:02.566975+00:00/task_id=wait_for_data_load permission to 509: [Errno 1] Operation not permitted: '/opt/***/logs/dag_id=train_penguin_sex_model/run_id=manual__2024-03-10T17:07:02.566975+00:00/task_id=wait_for_data_load'
[2024-03-10T17:11:13.692+0000] {logging_mixin.py:149} INFO - Changing /opt/***/logs/dag_id=train_penguin_sex_model/run_id=manual__2024-03-10T17:07:02.566975+00:00/task_id=wait_for_data_load permission to 509
[2024-03-10T17:11:13.692+0000] {logging_mixin.py:149} INFO - Failed to change /opt/***/logs/dag_id=train_penguin_sex_model/run_id=manual__2024-03-10T17:07:02.566975+00:00/task_id=wait_for_data_load permission to 509: [Errno 1] Operation not permitted: '/opt/***/logs/dag_id=train_penguin_sex_model/run_id=manual__2024-03-10T17:07:02.566975+00:00/task_id=wait_for_data_load'
[2024-03-10T17:11:13.723+0000] {taskinstance.py:1125} INFO - Dependencies all met for dep_context=non-requeueable deps ti=<TaskInstance: train_penguin_sex_model.wait_for_data_load manual__2024-03-10T17:07:02.566975+00:00 [queued]>
[2024-03-10T17:11:13.739+0000] {taskinstance.py:1125} INFO - Dependencies all met for dep_context=requeueable deps ti=<TaskInstance: train_penguin_sex_model.wait_for_data_load manual__2024-03-10T17:07:02.566975+00:00 [queued]>
[2024-03-10T17:11:13.740+0000] {taskinstance.py:1331} INFO - Starting attempt 1 of 2
[2024-03-10T17:11:13.755+0000] {taskinstance.py:1350} INFO - Executing <Task(ExternalTaskSensor): wait_for_data_load> on 2024-03-10 17:07:02.566975+00:00
[2024-03-10T17:11:13.761+0000] {standard_task_runner.py:57} INFO - Started process 473 to run task
[2024-03-10T17:11:13.765+0000] {standard_task_runner.py:84} INFO - Running: ['***', 'tasks', 'run', 'train_penguin_sex_model', 'wait_for_data_load', 'manual__2024-03-10T17:07:02.566975+00:00', '--job-id', '49', '--raw', '--subdir', 'DAGS_FOLDER/train_model.py', '--cfg-path', '/tmp/tmp8bcmb00o']
[2024-03-10T17:11:13.767+0000] {standard_task_runner.py:85} INFO - Job 49: Subtask wait_for_data_load
[2024-03-10T17:11:13.828+0000] {logging_mixin.py:149} INFO - Changing /opt/***/logs/dag_id=train_penguin_sex_model/run_id=manual__2024-03-10T17:07:02.566975+00:00/task_id=wait_for_data_load permission to 509
[2024-03-10T17:11:13.828+0000] {logging_mixin.py:149} INFO - Failed to change /opt/***/logs/dag_id=train_penguin_sex_model/run_id=manual__2024-03-10T17:07:02.566975+00:00/task_id=wait_for_data_load permission to 509: [Errno 1] Operation not permitted: '/opt/***/logs/dag_id=train_penguin_sex_model/run_id=manual__2024-03-10T17:07:02.566975+00:00/task_id=wait_for_data_load'
[2024-03-10T17:11:13.831+0000] {task_command.py:410} INFO - Running <TaskInstance: train_penguin_sex_model.wait_for_data_load manual__2024-03-10T17:07:02.566975+00:00 [running]> on host f95f5ac280e4
[2024-03-10T17:11:13.924+0000] {taskinstance.py:1570} INFO - Exporting env vars: AIRFLOW_CTX_DAG_OWNER='***' AIRFLOW_CTX_DAG_ID='train_penguin_sex_model' AIRFLOW_CTX_TASK_ID='wait_for_data_load' AIRFLOW_CTX_EXECUTION_DATE='2024-03-10T17:07:02.566975+00:00' AIRFLOW_CTX_TRY_NUMBER='1' AIRFLOW_CTX_DAG_RUN_ID='manual__2024-03-10T17:07:02.566975+00:00'
[2024-03-10T17:11:13.937+0000] {external_task.py:235} INFO - Poking for tasks ['task_de_carga'] in dag load_penguins_data on 2024-03-10T17:07:02.566975+00:00 ... 
[2024-03-10T17:11:13.968+0000] {taskinstance.py:1807} INFO - Rescheduling task, marking task as UP_FOR_RESCHEDULE
[2024-03-10T17:11:14.017+0000] {local_task_job_runner.py:232} INFO - Task exited with return code 0
[2024-03-10T17:11:14.065+0000] {taskinstance.py:2674} INFO - 0 downstream tasks scheduled from follow-on schedule check
[2024-03-10T17:12:15.820+0000] {logging_mixin.py:149} INFO - Changing /opt/***/logs/dag_id=train_penguin_sex_model/run_id=manual__2024-03-10T17:07:02.566975+00:00/task_id=wait_for_data_load permission to 509
[2024-03-10T17:12:15.821+0000] {logging_mixin.py:149} INFO - Failed to change /opt/***/logs/dag_id=train_penguin_sex_model/run_id=manual__2024-03-10T17:07:02.566975+00:00/task_id=wait_for_data_load permission to 509: [Errno 1] Operation not permitted: '/opt/***/logs/dag_id=train_penguin_sex_model/run_id=manual__2024-03-10T17:07:02.566975+00:00/task_id=wait_for_data_load'
[2024-03-10T17:12:15.846+0000] {logging_mixin.py:149} INFO - Changing /opt/***/logs/dag_id=train_penguin_sex_model/run_id=manual__2024-03-10T17:07:02.566975+00:00/task_id=wait_for_data_load permission to 509
[2024-03-10T17:12:15.847+0000] {logging_mixin.py:149} INFO - Failed to change /opt/***/logs/dag_id=train_penguin_sex_model/run_id=manual__2024-03-10T17:07:02.566975+00:00/task_id=wait_for_data_load permission to 509: [Errno 1] Operation not permitted: '/opt/***/logs/dag_id=train_penguin_sex_model/run_id=manual__2024-03-10T17:07:02.566975+00:00/task_id=wait_for_data_load'
[2024-03-10T17:12:15.876+0000] {taskinstance.py:1125} INFO - Dependencies all met for dep_context=non-requeueable deps ti=<TaskInstance: train_penguin_sex_model.wait_for_data_load manual__2024-03-10T17:07:02.566975+00:00 [queued]>
[2024-03-10T17:12:15.891+0000] {taskinstance.py:1125} INFO - Dependencies all met for dep_context=requeueable deps ti=<TaskInstance: train_penguin_sex_model.wait_for_data_load manual__2024-03-10T17:07:02.566975+00:00 [queued]>
[2024-03-10T17:12:15.892+0000] {taskinstance.py:1331} INFO - Starting attempt 1 of 2
[2024-03-10T17:12:15.907+0000] {taskinstance.py:1350} INFO - Executing <Task(ExternalTaskSensor): wait_for_data_load> on 2024-03-10 17:07:02.566975+00:00
[2024-03-10T17:12:15.914+0000] {standard_task_runner.py:57} INFO - Started process 494 to run task
[2024-03-10T17:12:15.918+0000] {standard_task_runner.py:84} INFO - Running: ['***', 'tasks', 'run', 'train_penguin_sex_model', 'wait_for_data_load', 'manual__2024-03-10T17:07:02.566975+00:00', '--job-id', '50', '--raw', '--subdir', 'DAGS_FOLDER/train_model.py', '--cfg-path', '/tmp/tmp4ytukazi']
[2024-03-10T17:12:15.920+0000] {standard_task_runner.py:85} INFO - Job 50: Subtask wait_for_data_load
[2024-03-10T17:12:15.974+0000] {logging_mixin.py:149} INFO - Changing /opt/***/logs/dag_id=train_penguin_sex_model/run_id=manual__2024-03-10T17:07:02.566975+00:00/task_id=wait_for_data_load permission to 509
[2024-03-10T17:12:15.975+0000] {logging_mixin.py:149} INFO - Failed to change /opt/***/logs/dag_id=train_penguin_sex_model/run_id=manual__2024-03-10T17:07:02.566975+00:00/task_id=wait_for_data_load permission to 509: [Errno 1] Operation not permitted: '/opt/***/logs/dag_id=train_penguin_sex_model/run_id=manual__2024-03-10T17:07:02.566975+00:00/task_id=wait_for_data_load'
[2024-03-10T17:12:15.977+0000] {task_command.py:410} INFO - Running <TaskInstance: train_penguin_sex_model.wait_for_data_load manual__2024-03-10T17:07:02.566975+00:00 [running]> on host f95f5ac280e4
[2024-03-10T17:12:16.068+0000] {taskinstance.py:1570} INFO - Exporting env vars: AIRFLOW_CTX_DAG_OWNER='***' AIRFLOW_CTX_DAG_ID='train_penguin_sex_model' AIRFLOW_CTX_TASK_ID='wait_for_data_load' AIRFLOW_CTX_EXECUTION_DATE='2024-03-10T17:07:02.566975+00:00' AIRFLOW_CTX_TRY_NUMBER='1' AIRFLOW_CTX_DAG_RUN_ID='manual__2024-03-10T17:07:02.566975+00:00'
[2024-03-10T17:12:16.078+0000] {external_task.py:235} INFO - Poking for tasks ['task_de_carga'] in dag load_penguins_data on 2024-03-10T17:07:02.566975+00:00 ... 
[2024-03-10T17:12:16.110+0000] {taskinstance.py:1807} INFO - Rescheduling task, marking task as UP_FOR_RESCHEDULE
[2024-03-10T17:12:16.130+0000] {local_task_job_runner.py:232} INFO - Task exited with return code 0
[2024-03-10T17:12:16.160+0000] {taskinstance.py:2674} INFO - 0 downstream tasks scheduled from follow-on schedule check
[2024-03-10T17:13:17.609+0000] {logging_mixin.py:149} INFO - Changing /opt/***/logs/dag_id=train_penguin_sex_model/run_id=manual__2024-03-10T17:07:02.566975+00:00/task_id=wait_for_data_load permission to 509
[2024-03-10T17:13:17.610+0000] {logging_mixin.py:149} INFO - Failed to change /opt/***/logs/dag_id=train_penguin_sex_model/run_id=manual__2024-03-10T17:07:02.566975+00:00/task_id=wait_for_data_load permission to 509: [Errno 1] Operation not permitted: '/opt/***/logs/dag_id=train_penguin_sex_model/run_id=manual__2024-03-10T17:07:02.566975+00:00/task_id=wait_for_data_load'
[2024-03-10T17:13:17.635+0000] {logging_mixin.py:149} INFO - Changing /opt/***/logs/dag_id=train_penguin_sex_model/run_id=manual__2024-03-10T17:07:02.566975+00:00/task_id=wait_for_data_load permission to 509
[2024-03-10T17:13:17.635+0000] {logging_mixin.py:149} INFO - Failed to change /opt/***/logs/dag_id=train_penguin_sex_model/run_id=manual__2024-03-10T17:07:02.566975+00:00/task_id=wait_for_data_load permission to 509: [Errno 1] Operation not permitted: '/opt/***/logs/dag_id=train_penguin_sex_model/run_id=manual__2024-03-10T17:07:02.566975+00:00/task_id=wait_for_data_load'
[2024-03-10T17:13:17.665+0000] {taskinstance.py:1125} INFO - Dependencies all met for dep_context=non-requeueable deps ti=<TaskInstance: train_penguin_sex_model.wait_for_data_load manual__2024-03-10T17:07:02.566975+00:00 [queued]>
[2024-03-10T17:13:17.677+0000] {taskinstance.py:1125} INFO - Dependencies all met for dep_context=requeueable deps ti=<TaskInstance: train_penguin_sex_model.wait_for_data_load manual__2024-03-10T17:07:02.566975+00:00 [queued]>
[2024-03-10T17:13:17.678+0000] {taskinstance.py:1331} INFO - Starting attempt 1 of 2
[2024-03-10T17:13:17.692+0000] {taskinstance.py:1350} INFO - Executing <Task(ExternalTaskSensor): wait_for_data_load> on 2024-03-10 17:07:02.566975+00:00
[2024-03-10T17:13:17.699+0000] {standard_task_runner.py:57} INFO - Started process 513 to run task
[2024-03-10T17:13:17.703+0000] {standard_task_runner.py:84} INFO - Running: ['***', 'tasks', 'run', 'train_penguin_sex_model', 'wait_for_data_load', 'manual__2024-03-10T17:07:02.566975+00:00', '--job-id', '51', '--raw', '--subdir', 'DAGS_FOLDER/train_model.py', '--cfg-path', '/tmp/tmp40rhk51w']
[2024-03-10T17:13:17.706+0000] {standard_task_runner.py:85} INFO - Job 51: Subtask wait_for_data_load
[2024-03-10T17:13:17.760+0000] {logging_mixin.py:149} INFO - Changing /opt/***/logs/dag_id=train_penguin_sex_model/run_id=manual__2024-03-10T17:07:02.566975+00:00/task_id=wait_for_data_load permission to 509
[2024-03-10T17:13:17.760+0000] {logging_mixin.py:149} INFO - Failed to change /opt/***/logs/dag_id=train_penguin_sex_model/run_id=manual__2024-03-10T17:07:02.566975+00:00/task_id=wait_for_data_load permission to 509: [Errno 1] Operation not permitted: '/opt/***/logs/dag_id=train_penguin_sex_model/run_id=manual__2024-03-10T17:07:02.566975+00:00/task_id=wait_for_data_load'
[2024-03-10T17:13:17.762+0000] {task_command.py:410} INFO - Running <TaskInstance: train_penguin_sex_model.wait_for_data_load manual__2024-03-10T17:07:02.566975+00:00 [running]> on host f95f5ac280e4
[2024-03-10T17:13:17.848+0000] {taskinstance.py:1570} INFO - Exporting env vars: AIRFLOW_CTX_DAG_OWNER='***' AIRFLOW_CTX_DAG_ID='train_penguin_sex_model' AIRFLOW_CTX_TASK_ID='wait_for_data_load' AIRFLOW_CTX_EXECUTION_DATE='2024-03-10T17:07:02.566975+00:00' AIRFLOW_CTX_TRY_NUMBER='1' AIRFLOW_CTX_DAG_RUN_ID='manual__2024-03-10T17:07:02.566975+00:00'
[2024-03-10T17:13:17.860+0000] {external_task.py:235} INFO - Poking for tasks ['task_de_carga'] in dag load_penguins_data on 2024-03-10T17:07:02.566975+00:00 ... 
[2024-03-10T17:13:17.893+0000] {taskinstance.py:1807} INFO - Rescheduling task, marking task as UP_FOR_RESCHEDULE
[2024-03-10T17:13:17.916+0000] {local_task_job_runner.py:232} INFO - Task exited with return code 0
[2024-03-10T17:13:17.948+0000] {taskinstance.py:2674} INFO - 0 downstream tasks scheduled from follow-on schedule check
[2024-03-10T17:14:19.683+0000] {logging_mixin.py:149} INFO - Changing /opt/***/logs/dag_id=train_penguin_sex_model/run_id=manual__2024-03-10T17:07:02.566975+00:00/task_id=wait_for_data_load permission to 509
[2024-03-10T17:14:19.684+0000] {logging_mixin.py:149} INFO - Failed to change /opt/***/logs/dag_id=train_penguin_sex_model/run_id=manual__2024-03-10T17:07:02.566975+00:00/task_id=wait_for_data_load permission to 509: [Errno 1] Operation not permitted: '/opt/***/logs/dag_id=train_penguin_sex_model/run_id=manual__2024-03-10T17:07:02.566975+00:00/task_id=wait_for_data_load'
[2024-03-10T17:14:19.709+0000] {logging_mixin.py:149} INFO - Changing /opt/***/logs/dag_id=train_penguin_sex_model/run_id=manual__2024-03-10T17:07:02.566975+00:00/task_id=wait_for_data_load permission to 509
[2024-03-10T17:14:19.710+0000] {logging_mixin.py:149} INFO - Failed to change /opt/***/logs/dag_id=train_penguin_sex_model/run_id=manual__2024-03-10T17:07:02.566975+00:00/task_id=wait_for_data_load permission to 509: [Errno 1] Operation not permitted: '/opt/***/logs/dag_id=train_penguin_sex_model/run_id=manual__2024-03-10T17:07:02.566975+00:00/task_id=wait_for_data_load'
[2024-03-10T17:14:19.740+0000] {taskinstance.py:1125} INFO - Dependencies all met for dep_context=non-requeueable deps ti=<TaskInstance: train_penguin_sex_model.wait_for_data_load manual__2024-03-10T17:07:02.566975+00:00 [queued]>
[2024-03-10T17:14:19.749+0000] {taskinstance.py:1125} INFO - Dependencies all met for dep_context=requeueable deps ti=<TaskInstance: train_penguin_sex_model.wait_for_data_load manual__2024-03-10T17:07:02.566975+00:00 [queued]>
[2024-03-10T17:14:19.750+0000] {taskinstance.py:1331} INFO - Starting attempt 1 of 2
[2024-03-10T17:14:19.764+0000] {taskinstance.py:1350} INFO - Executing <Task(ExternalTaskSensor): wait_for_data_load> on 2024-03-10 17:07:02.566975+00:00
[2024-03-10T17:14:19.772+0000] {standard_task_runner.py:57} INFO - Started process 527 to run task
[2024-03-10T17:14:19.776+0000] {standard_task_runner.py:84} INFO - Running: ['***', 'tasks', 'run', 'train_penguin_sex_model', 'wait_for_data_load', 'manual__2024-03-10T17:07:02.566975+00:00', '--job-id', '52', '--raw', '--subdir', 'DAGS_FOLDER/train_model.py', '--cfg-path', '/tmp/tmppuywhdwk']
[2024-03-10T17:14:19.778+0000] {standard_task_runner.py:85} INFO - Job 52: Subtask wait_for_data_load
[2024-03-10T17:14:19.824+0000] {logging_mixin.py:149} INFO - Changing /opt/***/logs/dag_id=train_penguin_sex_model/run_id=manual__2024-03-10T17:07:02.566975+00:00/task_id=wait_for_data_load permission to 509
[2024-03-10T17:14:19.824+0000] {logging_mixin.py:149} INFO - Failed to change /opt/***/logs/dag_id=train_penguin_sex_model/run_id=manual__2024-03-10T17:07:02.566975+00:00/task_id=wait_for_data_load permission to 509: [Errno 1] Operation not permitted: '/opt/***/logs/dag_id=train_penguin_sex_model/run_id=manual__2024-03-10T17:07:02.566975+00:00/task_id=wait_for_data_load'
[2024-03-10T17:14:19.826+0000] {task_command.py:410} INFO - Running <TaskInstance: train_penguin_sex_model.wait_for_data_load manual__2024-03-10T17:07:02.566975+00:00 [running]> on host f95f5ac280e4
[2024-03-10T17:14:19.911+0000] {taskinstance.py:1570} INFO - Exporting env vars: AIRFLOW_CTX_DAG_OWNER='***' AIRFLOW_CTX_DAG_ID='train_penguin_sex_model' AIRFLOW_CTX_TASK_ID='wait_for_data_load' AIRFLOW_CTX_EXECUTION_DATE='2024-03-10T17:07:02.566975+00:00' AIRFLOW_CTX_TRY_NUMBER='1' AIRFLOW_CTX_DAG_RUN_ID='manual__2024-03-10T17:07:02.566975+00:00'
[2024-03-10T17:14:19.922+0000] {external_task.py:235} INFO - Poking for tasks ['task_de_carga'] in dag load_penguins_data on 2024-03-10T17:07:02.566975+00:00 ... 
[2024-03-10T17:14:19.961+0000] {taskinstance.py:1807} INFO - Rescheduling task, marking task as UP_FOR_RESCHEDULE
[2024-03-10T17:14:19.989+0000] {local_task_job_runner.py:232} INFO - Task exited with return code 0
[2024-03-10T17:14:20.045+0000] {taskinstance.py:2674} INFO - 0 downstream tasks scheduled from follow-on schedule check
[2024-03-10T17:15:21.299+0000] {logging_mixin.py:149} INFO - Changing /opt/***/logs/dag_id=train_penguin_sex_model/run_id=manual__2024-03-10T17:07:02.566975+00:00/task_id=wait_for_data_load permission to 509
[2024-03-10T17:15:21.300+0000] {logging_mixin.py:149} INFO - Failed to change /opt/***/logs/dag_id=train_penguin_sex_model/run_id=manual__2024-03-10T17:07:02.566975+00:00/task_id=wait_for_data_load permission to 509: [Errno 1] Operation not permitted: '/opt/***/logs/dag_id=train_penguin_sex_model/run_id=manual__2024-03-10T17:07:02.566975+00:00/task_id=wait_for_data_load'
[2024-03-10T17:15:21.327+0000] {logging_mixin.py:149} INFO - Changing /opt/***/logs/dag_id=train_penguin_sex_model/run_id=manual__2024-03-10T17:07:02.566975+00:00/task_id=wait_for_data_load permission to 509
[2024-03-10T17:15:21.328+0000] {logging_mixin.py:149} INFO - Failed to change /opt/***/logs/dag_id=train_penguin_sex_model/run_id=manual__2024-03-10T17:07:02.566975+00:00/task_id=wait_for_data_load permission to 509: [Errno 1] Operation not permitted: '/opt/***/logs/dag_id=train_penguin_sex_model/run_id=manual__2024-03-10T17:07:02.566975+00:00/task_id=wait_for_data_load'
[2024-03-10T17:15:21.359+0000] {taskinstance.py:1125} INFO - Dependencies all met for dep_context=non-requeueable deps ti=<TaskInstance: train_penguin_sex_model.wait_for_data_load manual__2024-03-10T17:07:02.566975+00:00 [queued]>
[2024-03-10T17:15:21.370+0000] {taskinstance.py:1125} INFO - Dependencies all met for dep_context=requeueable deps ti=<TaskInstance: train_penguin_sex_model.wait_for_data_load manual__2024-03-10T17:07:02.566975+00:00 [queued]>
[2024-03-10T17:15:21.371+0000] {taskinstance.py:1331} INFO - Starting attempt 1 of 2
[2024-03-10T17:15:21.386+0000] {taskinstance.py:1350} INFO - Executing <Task(ExternalTaskSensor): wait_for_data_load> on 2024-03-10 17:07:02.566975+00:00
[2024-03-10T17:15:21.395+0000] {standard_task_runner.py:57} INFO - Started process 548 to run task
[2024-03-10T17:15:21.398+0000] {standard_task_runner.py:84} INFO - Running: ['***', 'tasks', 'run', 'train_penguin_sex_model', 'wait_for_data_load', 'manual__2024-03-10T17:07:02.566975+00:00', '--job-id', '53', '--raw', '--subdir', 'DAGS_FOLDER/train_model.py', '--cfg-path', '/tmp/tmpuvn3sq3j']
[2024-03-10T17:15:21.401+0000] {standard_task_runner.py:85} INFO - Job 53: Subtask wait_for_data_load
[2024-03-10T17:15:21.450+0000] {logging_mixin.py:149} INFO - Changing /opt/***/logs/dag_id=train_penguin_sex_model/run_id=manual__2024-03-10T17:07:02.566975+00:00/task_id=wait_for_data_load permission to 509
[2024-03-10T17:15:21.450+0000] {logging_mixin.py:149} INFO - Failed to change /opt/***/logs/dag_id=train_penguin_sex_model/run_id=manual__2024-03-10T17:07:02.566975+00:00/task_id=wait_for_data_load permission to 509: [Errno 1] Operation not permitted: '/opt/***/logs/dag_id=train_penguin_sex_model/run_id=manual__2024-03-10T17:07:02.566975+00:00/task_id=wait_for_data_load'
[2024-03-10T17:15:21.454+0000] {task_command.py:410} INFO - Running <TaskInstance: train_penguin_sex_model.wait_for_data_load manual__2024-03-10T17:07:02.566975+00:00 [running]> on host f95f5ac280e4
[2024-03-10T17:15:21.539+0000] {taskinstance.py:1570} INFO - Exporting env vars: AIRFLOW_CTX_DAG_OWNER='***' AIRFLOW_CTX_DAG_ID='train_penguin_sex_model' AIRFLOW_CTX_TASK_ID='wait_for_data_load' AIRFLOW_CTX_EXECUTION_DATE='2024-03-10T17:07:02.566975+00:00' AIRFLOW_CTX_TRY_NUMBER='1' AIRFLOW_CTX_DAG_RUN_ID='manual__2024-03-10T17:07:02.566975+00:00'
[2024-03-10T17:15:21.551+0000] {external_task.py:235} INFO - Poking for tasks ['task_de_carga'] in dag load_penguins_data on 2024-03-10T17:07:02.566975+00:00 ... 
[2024-03-10T17:15:21.584+0000] {taskinstance.py:1807} INFO - Rescheduling task, marking task as UP_FOR_RESCHEDULE
[2024-03-10T17:15:21.610+0000] {local_task_job_runner.py:232} INFO - Task exited with return code 0
[2024-03-10T17:15:21.637+0000] {taskinstance.py:2674} INFO - 0 downstream tasks scheduled from follow-on schedule check
[2024-03-10T17:16:22.725+0000] {logging_mixin.py:149} INFO - Changing /opt/***/logs/dag_id=train_penguin_sex_model/run_id=manual__2024-03-10T17:07:02.566975+00:00/task_id=wait_for_data_load permission to 509
[2024-03-10T17:16:22.726+0000] {logging_mixin.py:149} INFO - Failed to change /opt/***/logs/dag_id=train_penguin_sex_model/run_id=manual__2024-03-10T17:07:02.566975+00:00/task_id=wait_for_data_load permission to 509: [Errno 1] Operation not permitted: '/opt/***/logs/dag_id=train_penguin_sex_model/run_id=manual__2024-03-10T17:07:02.566975+00:00/task_id=wait_for_data_load'
[2024-03-10T17:16:22.752+0000] {logging_mixin.py:149} INFO - Changing /opt/***/logs/dag_id=train_penguin_sex_model/run_id=manual__2024-03-10T17:07:02.566975+00:00/task_id=wait_for_data_load permission to 509
[2024-03-10T17:16:22.753+0000] {logging_mixin.py:149} INFO - Failed to change /opt/***/logs/dag_id=train_penguin_sex_model/run_id=manual__2024-03-10T17:07:02.566975+00:00/task_id=wait_for_data_load permission to 509: [Errno 1] Operation not permitted: '/opt/***/logs/dag_id=train_penguin_sex_model/run_id=manual__2024-03-10T17:07:02.566975+00:00/task_id=wait_for_data_load'
[2024-03-10T17:16:22.778+0000] {taskinstance.py:1125} INFO - Dependencies all met for dep_context=non-requeueable deps ti=<TaskInstance: train_penguin_sex_model.wait_for_data_load manual__2024-03-10T17:07:02.566975+00:00 [queued]>
[2024-03-10T17:16:22.788+0000] {taskinstance.py:1125} INFO - Dependencies all met for dep_context=requeueable deps ti=<TaskInstance: train_penguin_sex_model.wait_for_data_load manual__2024-03-10T17:07:02.566975+00:00 [queued]>
[2024-03-10T17:16:22.789+0000] {taskinstance.py:1331} INFO - Starting attempt 1 of 2
[2024-03-10T17:16:22.803+0000] {taskinstance.py:1350} INFO - Executing <Task(ExternalTaskSensor): wait_for_data_load> on 2024-03-10 17:07:02.566975+00:00
[2024-03-10T17:16:22.810+0000] {standard_task_runner.py:57} INFO - Started process 569 to run task
[2024-03-10T17:16:22.813+0000] {standard_task_runner.py:84} INFO - Running: ['***', 'tasks', 'run', 'train_penguin_sex_model', 'wait_for_data_load', 'manual__2024-03-10T17:07:02.566975+00:00', '--job-id', '54', '--raw', '--subdir', 'DAGS_FOLDER/train_model.py', '--cfg-path', '/tmp/tmpfya74o9t']
[2024-03-10T17:16:22.815+0000] {standard_task_runner.py:85} INFO - Job 54: Subtask wait_for_data_load
[2024-03-10T17:16:22.863+0000] {logging_mixin.py:149} INFO - Changing /opt/***/logs/dag_id=train_penguin_sex_model/run_id=manual__2024-03-10T17:07:02.566975+00:00/task_id=wait_for_data_load permission to 509
[2024-03-10T17:16:22.864+0000] {logging_mixin.py:149} INFO - Failed to change /opt/***/logs/dag_id=train_penguin_sex_model/run_id=manual__2024-03-10T17:07:02.566975+00:00/task_id=wait_for_data_load permission to 509: [Errno 1] Operation not permitted: '/opt/***/logs/dag_id=train_penguin_sex_model/run_id=manual__2024-03-10T17:07:02.566975+00:00/task_id=wait_for_data_load'
[2024-03-10T17:16:22.867+0000] {task_command.py:410} INFO - Running <TaskInstance: train_penguin_sex_model.wait_for_data_load manual__2024-03-10T17:07:02.566975+00:00 [running]> on host f95f5ac280e4
[2024-03-10T17:16:22.953+0000] {taskinstance.py:1570} INFO - Exporting env vars: AIRFLOW_CTX_DAG_OWNER='***' AIRFLOW_CTX_DAG_ID='train_penguin_sex_model' AIRFLOW_CTX_TASK_ID='wait_for_data_load' AIRFLOW_CTX_EXECUTION_DATE='2024-03-10T17:07:02.566975+00:00' AIRFLOW_CTX_TRY_NUMBER='1' AIRFLOW_CTX_DAG_RUN_ID='manual__2024-03-10T17:07:02.566975+00:00'
[2024-03-10T17:16:22.965+0000] {external_task.py:235} INFO - Poking for tasks ['task_de_carga'] in dag load_penguins_data on 2024-03-10T17:07:02.566975+00:00 ... 
[2024-03-10T17:16:22.997+0000] {taskinstance.py:1807} INFO - Rescheduling task, marking task as UP_FOR_RESCHEDULE
[2024-03-10T17:16:23.026+0000] {local_task_job_runner.py:232} INFO - Task exited with return code 0
[2024-03-10T17:16:23.054+0000] {taskinstance.py:2674} INFO - 0 downstream tasks scheduled from follow-on schedule check
[2024-03-10T17:17:24.762+0000] {logging_mixin.py:149} INFO - Changing /opt/***/logs/dag_id=train_penguin_sex_model/run_id=manual__2024-03-10T17:07:02.566975+00:00/task_id=wait_for_data_load permission to 509
[2024-03-10T17:17:24.763+0000] {logging_mixin.py:149} INFO - Failed to change /opt/***/logs/dag_id=train_penguin_sex_model/run_id=manual__2024-03-10T17:07:02.566975+00:00/task_id=wait_for_data_load permission to 509: [Errno 1] Operation not permitted: '/opt/***/logs/dag_id=train_penguin_sex_model/run_id=manual__2024-03-10T17:07:02.566975+00:00/task_id=wait_for_data_load'
[2024-03-10T17:17:24.788+0000] {logging_mixin.py:149} INFO - Changing /opt/***/logs/dag_id=train_penguin_sex_model/run_id=manual__2024-03-10T17:07:02.566975+00:00/task_id=wait_for_data_load permission to 509
[2024-03-10T17:17:24.788+0000] {logging_mixin.py:149} INFO - Failed to change /opt/***/logs/dag_id=train_penguin_sex_model/run_id=manual__2024-03-10T17:07:02.566975+00:00/task_id=wait_for_data_load permission to 509: [Errno 1] Operation not permitted: '/opt/***/logs/dag_id=train_penguin_sex_model/run_id=manual__2024-03-10T17:07:02.566975+00:00/task_id=wait_for_data_load'
[2024-03-10T17:17:24.815+0000] {taskinstance.py:1125} INFO - Dependencies all met for dep_context=non-requeueable deps ti=<TaskInstance: train_penguin_sex_model.wait_for_data_load manual__2024-03-10T17:07:02.566975+00:00 [queued]>
[2024-03-10T17:17:24.825+0000] {taskinstance.py:1125} INFO - Dependencies all met for dep_context=requeueable deps ti=<TaskInstance: train_penguin_sex_model.wait_for_data_load manual__2024-03-10T17:07:02.566975+00:00 [queued]>
[2024-03-10T17:17:24.826+0000] {taskinstance.py:1331} INFO - Starting attempt 1 of 2
[2024-03-10T17:17:24.840+0000] {taskinstance.py:1350} INFO - Executing <Task(ExternalTaskSensor): wait_for_data_load> on 2024-03-10 17:07:02.566975+00:00
[2024-03-10T17:17:24.846+0000] {standard_task_runner.py:57} INFO - Started process 590 to run task
[2024-03-10T17:17:24.849+0000] {standard_task_runner.py:84} INFO - Running: ['***', 'tasks', 'run', 'train_penguin_sex_model', 'wait_for_data_load', 'manual__2024-03-10T17:07:02.566975+00:00', '--job-id', '55', '--raw', '--subdir', 'DAGS_FOLDER/train_model.py', '--cfg-path', '/tmp/tmp48zxj_h8']
[2024-03-10T17:17:24.851+0000] {standard_task_runner.py:85} INFO - Job 55: Subtask wait_for_data_load
[2024-03-10T17:17:24.899+0000] {logging_mixin.py:149} INFO - Changing /opt/***/logs/dag_id=train_penguin_sex_model/run_id=manual__2024-03-10T17:07:02.566975+00:00/task_id=wait_for_data_load permission to 509
[2024-03-10T17:17:24.899+0000] {logging_mixin.py:149} INFO - Failed to change /opt/***/logs/dag_id=train_penguin_sex_model/run_id=manual__2024-03-10T17:07:02.566975+00:00/task_id=wait_for_data_load permission to 509: [Errno 1] Operation not permitted: '/opt/***/logs/dag_id=train_penguin_sex_model/run_id=manual__2024-03-10T17:07:02.566975+00:00/task_id=wait_for_data_load'
[2024-03-10T17:17:24.902+0000] {task_command.py:410} INFO - Running <TaskInstance: train_penguin_sex_model.wait_for_data_load manual__2024-03-10T17:07:02.566975+00:00 [running]> on host f95f5ac280e4
[2024-03-10T17:17:24.983+0000] {taskinstance.py:1570} INFO - Exporting env vars: AIRFLOW_CTX_DAG_OWNER='***' AIRFLOW_CTX_DAG_ID='train_penguin_sex_model' AIRFLOW_CTX_TASK_ID='wait_for_data_load' AIRFLOW_CTX_EXECUTION_DATE='2024-03-10T17:07:02.566975+00:00' AIRFLOW_CTX_TRY_NUMBER='1' AIRFLOW_CTX_DAG_RUN_ID='manual__2024-03-10T17:07:02.566975+00:00'
[2024-03-10T17:17:24.994+0000] {external_task.py:235} INFO - Poking for tasks ['task_de_carga'] in dag load_penguins_data on 2024-03-10T17:07:02.566975+00:00 ... 
[2024-03-10T17:17:25.007+0000] {taskinstance.py:1847} ERROR - Task failed with exception
Traceback (most recent call last):
  File "/home/airflow/.local/lib/python3.7/site-packages/airflow/sensors/base.py", line 242, in execute
    raise AirflowSensorTimeout(message)
airflow.exceptions.AirflowSensorTimeout: Sensor has timed out; run duration of 618.433117 seconds exceeds the specified timeout of 600.
[2024-03-10T17:17:25.015+0000] {taskinstance.py:1373} INFO - Immediate failure requested. Marking task as FAILED. dag_id=train_penguin_sex_model, task_id=wait_for_data_load, execution_date=20240310T170702, start_date=20240310T171724, end_date=20240310T171725
[2024-03-10T17:17:25.030+0000] {standard_task_runner.py:109} ERROR - Failed to execute job 55 for task wait_for_data_load (Sensor has timed out; run duration of 618.433117 seconds exceeds the specified timeout of 600.; 590)
[2024-03-10T17:17:25.062+0000] {local_task_job_runner.py:232} INFO - Task exited with return code 1
[2024-03-10T17:17:25.090+0000] {taskinstance.py:2674} INFO - 0 downstream tasks scheduled from follow-on schedule check
