[2024-03-10T18:03:04.301+0000] {logging_mixin.py:149} INFO - Changing /opt/***/logs/dag_id=train_penguin_sex_model/run_id=manual__2024-03-10T18:03:02.569971+00:00/task_id=train_model permission to 509
[2024-03-10T18:03:04.301+0000] {logging_mixin.py:149} INFO - Failed to change /opt/***/logs/dag_id=train_penguin_sex_model/run_id=manual__2024-03-10T18:03:02.569971+00:00/task_id=train_model permission to 509: [Errno 1] Operation not permitted: '/opt/***/logs/dag_id=train_penguin_sex_model/run_id=manual__2024-03-10T18:03:02.569971+00:00/task_id=train_model'
[2024-03-10T18:03:04.337+0000] {logging_mixin.py:149} INFO - Changing /opt/***/logs/dag_id=train_penguin_sex_model/run_id=manual__2024-03-10T18:03:02.569971+00:00/task_id=train_model permission to 509
[2024-03-10T18:03:04.338+0000] {logging_mixin.py:149} INFO - Failed to change /opt/***/logs/dag_id=train_penguin_sex_model/run_id=manual__2024-03-10T18:03:02.569971+00:00/task_id=train_model permission to 509: [Errno 1] Operation not permitted: '/opt/***/logs/dag_id=train_penguin_sex_model/run_id=manual__2024-03-10T18:03:02.569971+00:00/task_id=train_model'
[2024-03-10T18:03:04.375+0000] {taskinstance.py:1125} INFO - Dependencies all met for dep_context=non-requeueable deps ti=<TaskInstance: train_penguin_sex_model.train_model manual__2024-03-10T18:03:02.569971+00:00 [queued]>
[2024-03-10T18:03:04.388+0000] {taskinstance.py:1125} INFO - Dependencies all met for dep_context=requeueable deps ti=<TaskInstance: train_penguin_sex_model.train_model manual__2024-03-10T18:03:02.569971+00:00 [queued]>
[2024-03-10T18:03:04.389+0000] {taskinstance.py:1331} INFO - Starting attempt 1 of 2
[2024-03-10T18:03:04.411+0000] {taskinstance.py:1350} INFO - Executing <Task(PythonOperator): train_model> on 2024-03-10 18:03:02.569971+00:00
[2024-03-10T18:03:04.418+0000] {standard_task_runner.py:57} INFO - Started process 70 to run task
[2024-03-10T18:03:04.422+0000] {standard_task_runner.py:84} INFO - Running: ['***', 'tasks', 'run', 'train_penguin_sex_model', 'train_model', 'manual__2024-03-10T18:03:02.569971+00:00', '--job-id', '68', '--raw', '--subdir', 'DAGS_FOLDER/train_model.py', '--cfg-path', '/tmp/tmpysi4ryym']
[2024-03-10T18:03:04.425+0000] {standard_task_runner.py:85} INFO - Job 68: Subtask train_model
[2024-03-10T18:03:04.485+0000] {logging_mixin.py:149} INFO - Changing /opt/***/logs/dag_id=train_penguin_sex_model/run_id=manual__2024-03-10T18:03:02.569971+00:00/task_id=train_model permission to 509
[2024-03-10T18:03:04.486+0000] {logging_mixin.py:149} INFO - Failed to change /opt/***/logs/dag_id=train_penguin_sex_model/run_id=manual__2024-03-10T18:03:02.569971+00:00/task_id=train_model permission to 509: [Errno 1] Operation not permitted: '/opt/***/logs/dag_id=train_penguin_sex_model/run_id=manual__2024-03-10T18:03:02.569971+00:00/task_id=train_model'
[2024-03-10T18:03:04.489+0000] {task_command.py:410} INFO - Running <TaskInstance: train_penguin_sex_model.train_model manual__2024-03-10T18:03:02.569971+00:00 [running]> on host f95f5ac280e4
[2024-03-10T18:03:04.593+0000] {taskinstance.py:1570} INFO - Exporting env vars: AIRFLOW_CTX_DAG_OWNER='***' AIRFLOW_CTX_DAG_ID='train_penguin_sex_model' AIRFLOW_CTX_TASK_ID='train_model' AIRFLOW_CTX_EXECUTION_DATE='2024-03-10T18:03:02.569971+00:00' AIRFLOW_CTX_TRY_NUMBER='1' AIRFLOW_CTX_DAG_RUN_ID='manual__2024-03-10T18:03:02.569971+00:00'
[2024-03-10T18:03:04.811+0000] {warnings.py:110} WARNING - /home/***/.local/lib/python3.7/site-packages/sklearn/utils/validation.py:1692: FutureWarning: Feature names only support names that are all strings. Got feature names with dtypes: ['quoted_name']. An error will be raised in 1.2.
  FutureWarning,

[2024-03-10T18:03:04.868+0000] {warnings.py:110} WARNING - /home/***/.local/lib/python3.7/site-packages/sklearn/utils/validation.py:1692: FutureWarning: Feature names only support names that are all strings. Got feature names with dtypes: ['quoted_name']. An error will be raised in 1.2.
  FutureWarning,

[2024-03-10T18:03:04.890+0000] {warnings.py:110} WARNING - /home/***/.local/lib/python3.7/site-packages/sklearn/utils/validation.py:1692: FutureWarning: Feature names only support names that are all strings. Got feature names with dtypes: ['quoted_name']. An error will be raised in 1.2.
  FutureWarning,

[2024-03-10T18:03:04.916+0000] {logging_mixin.py:149} INFO - Accuracy: 0.8805970149253731
[2024-03-10T18:03:04.938+0000] {python.py:183} INFO - Done. Returned value was: None
[2024-03-10T18:03:04.963+0000] {taskinstance.py:1373} INFO - Marking task as SUCCESS. dag_id=train_penguin_sex_model, task_id=train_model, execution_date=20240310T180302, start_date=20240310T180304, end_date=20240310T180304
[2024-03-10T18:03:05.039+0000] {local_task_job_runner.py:232} INFO - Task exited with return code 0
[2024-03-10T18:03:05.121+0000] {taskinstance.py:2674} INFO - 0 downstream tasks scheduled from follow-on schedule check
