[2024-03-10T17:30:38.810+0000] {logging_mixin.py:149} INFO - Changing /opt/***/logs/dag_id=train_penguin_sex_model/run_id=manual__2024-03-10T17:26:47.142240+00:00/task_id=train_model permission to 509
[2024-03-10T17:30:38.811+0000] {logging_mixin.py:149} INFO - Failed to change /opt/***/logs/dag_id=train_penguin_sex_model/run_id=manual__2024-03-10T17:26:47.142240+00:00/task_id=train_model permission to 509: [Errno 1] Operation not permitted: '/opt/***/logs/dag_id=train_penguin_sex_model/run_id=manual__2024-03-10T17:26:47.142240+00:00/task_id=train_model'
[2024-03-10T17:30:38.840+0000] {logging_mixin.py:149} INFO - Changing /opt/***/logs/dag_id=train_penguin_sex_model/run_id=manual__2024-03-10T17:26:47.142240+00:00/task_id=train_model permission to 509
[2024-03-10T17:30:38.842+0000] {logging_mixin.py:149} INFO - Failed to change /opt/***/logs/dag_id=train_penguin_sex_model/run_id=manual__2024-03-10T17:26:47.142240+00:00/task_id=train_model permission to 509: [Errno 1] Operation not permitted: '/opt/***/logs/dag_id=train_penguin_sex_model/run_id=manual__2024-03-10T17:26:47.142240+00:00/task_id=train_model'
[2024-03-10T17:30:38.874+0000] {taskinstance.py:1125} INFO - Dependencies all met for dep_context=non-requeueable deps ti=<TaskInstance: train_penguin_sex_model.train_model manual__2024-03-10T17:26:47.142240+00:00 [queued]>
[2024-03-10T17:30:38.884+0000] {taskinstance.py:1125} INFO - Dependencies all met for dep_context=requeueable deps ti=<TaskInstance: train_penguin_sex_model.train_model manual__2024-03-10T17:26:47.142240+00:00 [queued]>
[2024-03-10T17:30:38.885+0000] {taskinstance.py:1331} INFO - Starting attempt 2 of 2
[2024-03-10T17:30:38.901+0000] {taskinstance.py:1350} INFO - Executing <Task(PythonOperator): train_model> on 2024-03-10 17:26:47.142240+00:00
[2024-03-10T17:30:38.909+0000] {standard_task_runner.py:57} INFO - Started process 146 to run task
[2024-03-10T17:30:38.913+0000] {standard_task_runner.py:84} INFO - Running: ['***', 'tasks', 'run', 'train_penguin_sex_model', 'train_model', 'manual__2024-03-10T17:26:47.142240+00:00', '--job-id', '59', '--raw', '--subdir', 'DAGS_FOLDER/train_model.py', '--cfg-path', '/tmp/tmpy5jqxfzh']
[2024-03-10T17:30:38.916+0000] {standard_task_runner.py:85} INFO - Job 59: Subtask train_model
[2024-03-10T17:30:38.980+0000] {logging_mixin.py:149} INFO - Changing /opt/***/logs/dag_id=train_penguin_sex_model/run_id=manual__2024-03-10T17:26:47.142240+00:00/task_id=train_model permission to 509
[2024-03-10T17:30:38.980+0000] {logging_mixin.py:149} INFO - Failed to change /opt/***/logs/dag_id=train_penguin_sex_model/run_id=manual__2024-03-10T17:26:47.142240+00:00/task_id=train_model permission to 509: [Errno 1] Operation not permitted: '/opt/***/logs/dag_id=train_penguin_sex_model/run_id=manual__2024-03-10T17:26:47.142240+00:00/task_id=train_model'
[2024-03-10T17:30:38.984+0000] {task_command.py:410} INFO - Running <TaskInstance: train_penguin_sex_model.train_model manual__2024-03-10T17:26:47.142240+00:00 [running]> on host f95f5ac280e4
[2024-03-10T17:30:39.086+0000] {taskinstance.py:1570} INFO - Exporting env vars: AIRFLOW_CTX_DAG_OWNER='***' AIRFLOW_CTX_DAG_ID='train_penguin_sex_model' AIRFLOW_CTX_TASK_ID='train_model' AIRFLOW_CTX_EXECUTION_DATE='2024-03-10T17:26:47.142240+00:00' AIRFLOW_CTX_TRY_NUMBER='2' AIRFLOW_CTX_DAG_RUN_ID='manual__2024-03-10T17:26:47.142240+00:00'
[2024-03-10T17:30:39.173+0000] {warnings.py:110} WARNING - /home/***/.local/lib/python3.7/site-packages/sklearn/utils/validation.py:1692: FutureWarning: Feature names only support names that are all strings. Got feature names with dtypes: ['quoted_name']. An error will be raised in 1.2.
  FutureWarning,

[2024-03-10T17:30:39.176+0000] {taskinstance.py:1847} ERROR - Task failed with exception
Traceback (most recent call last):
  File "/home/airflow/.local/lib/python3.7/site-packages/airflow/operators/python.py", line 181, in execute
    return_value = self.execute_callable()
  File "/home/airflow/.local/lib/python3.7/site-packages/airflow/operators/python.py", line 198, in execute_callable
    return self.python_callable(*self.op_args, **self.op_kwargs)
  File "/opt/airflow/dags/train_model.py", line 39, in train_penguin_sex_model
    model.fit(X_train, y_train)
  File "/home/airflow/.local/lib/python3.7/site-packages/sklearn/linear_model/_logistic.py", line 1514, in fit
    accept_large_sparse=solver not in ["liblinear", "sag", "saga"],
  File "/home/airflow/.local/lib/python3.7/site-packages/sklearn/base.py", line 581, in _validate_data
    X, y = check_X_y(X, y, **check_params)
  File "/home/airflow/.local/lib/python3.7/site-packages/sklearn/utils/validation.py", line 979, in check_X_y
    y = _check_y(y, multi_output=multi_output, y_numeric=y_numeric)
  File "/home/airflow/.local/lib/python3.7/site-packages/sklearn/utils/validation.py", line 994, in _check_y
    _assert_all_finite(y)
  File "/home/airflow/.local/lib/python3.7/site-packages/sklearn/utils/validation.py", line 116, in _assert_all_finite
    type_err, msg_dtype if msg_dtype is not None else X.dtype
ValueError: Input contains NaN, infinity or a value too large for dtype('float64').
[2024-03-10T17:30:39.190+0000] {taskinstance.py:1373} INFO - Marking task as FAILED. dag_id=train_penguin_sex_model, task_id=train_model, execution_date=20240310T172647, start_date=20240310T173038, end_date=20240310T173039
[2024-03-10T17:30:39.204+0000] {standard_task_runner.py:109} ERROR - Failed to execute job 59 for task train_model (Input contains NaN, infinity or a value too large for dtype('float64').; 146)
[2024-03-10T17:30:39.245+0000] {local_task_job_runner.py:232} INFO - Task exited with return code 1
[2024-03-10T17:30:39.264+0000] {taskinstance.py:2674} INFO - 0 downstream tasks scheduled from follow-on schedule check
